e:\openglv1\ogldev-source\windows\ogldev\debug\vc120.pdb
e:\openglv1\ogldev-source\windows\ogldev\debug\vc120.idb
e:\openglv1\ogldev-source\windows\ogldev\debug\camera.obj
e:\openglv1\ogldev-source\windows\ogldev\debug\cubemap_texture.obj
e:\openglv1\ogldev-source\windows\ogldev\debug\glut_backend.obj
e:\openglv1\ogldev-source\windows\ogldev\debug\io_buffer.obj
e:\openglv1\ogldev-source\windows\ogldev\debug\math_3d.obj
e:\openglv1\ogldev-source\windows\ogldev\debug\ogldev_app.obj
e:\openglv1\ogldev-source\windows\ogldev\debug\ogldev_atb.obj
e:\openglv1\ogldev-source\windows\ogldev\debug\ogldev_backend.obj
e:\openglv1\ogldev-source\windows\ogldev\debug\ogldev_basic_lighting.obj
e:\openglv1\ogldev-source\windows\ogldev\debug\ogldev_basic_mesh.obj
e:\openglv1\ogldev-source\windows\ogldev\debug\ogldev_glfw_backend.obj
e:\openglv1\ogldev-source\windows\ogldev\debug\ogldev_shadow_map_fbo.obj
e:\openglv1\ogldev-source\windows\ogldev\debug\ogldev_skinned_mesh.obj
e:\openglv1\ogldev-source\windows\ogldev\debug\ogldev_texture.obj
e:\openglv1\ogldev-source\windows\ogldev\debug\ogldev_util.obj
e:\openglv1\ogldev-source\windows\ogldev\debug\pipeline.obj
e:\openglv1\ogldev-source\windows\ogldev\debug\random_texture.obj
e:\openglv1\ogldev-source\windows\ogldev\debug\technique.obj
e:\openglv1\ogldev-source\windows\ogldev\debug\common.lib
e:\openglv1\ogldev-source\windows\ogldev\debug\tutorial14.pdb
e:\openglv1\ogldev-source\windows\ogldev\debug\tutorial15.pdb
e:\openglv1\ogldev-source\windows\ogldev\debug\tutorial22.pdb
e:\openglv1\ogldev-source\windows\ogldev\debug\common.tlog\cl.command.1.tlog
e:\openglv1\ogldev-source\windows\ogldev\debug\common.tlog\cl.read.1.tlog
e:\openglv1\ogldev-source\windows\ogldev\debug\common.tlog\cl.write.1.tlog
e:\openglv1\ogldev-source\windows\ogldev\debug\common.tlog\lib-link.read.1.tlog
e:\openglv1\ogldev-source\windows\ogldev\debug\common.tlog\lib-link.write.1.tlog
e:\openglv1\ogldev-source\windows\ogldev\debug\common.tlog\lib.command.1.tlog
