e:\opengl homework\windows\ogldev\debug\homework\vc120.pdb
e:\opengl homework\windows\ogldev\debug\homework\vc120.idb
e:\opengl homework\windows\ogldev\debug\homework\lighting_technique.obj
e:\opengl homework\windows\ogldev\debug\homework\mesh.obj
e:\opengl homework\windows\ogldev\debug\homework\shadow_map_technique.obj
e:\opengl homework\windows\ogldev\debug\homework\skybox.obj
e:\opengl homework\windows\ogldev\debug\homework\skybox_technique.obj
e:\opengl homework\windows\ogldev\debug\homework\main.obj
e:\opengl homework\debug\homework\vc120.pdb
e:\opengl homework\debug\homework\vc120.idb
e:\opengl homework\debug\homework\lighting_technique.obj
e:\opengl homework\debug\homework\mesh.obj
e:\opengl homework\debug\homework\shadow_map_technique.obj
e:\opengl homework\debug\homework\skybox.obj
e:\opengl homework\debug\homework\skybox_technique.obj
e:\opengl homework\debug\homework\main.obj
e:\opengl homework\windows\ogldev\debug\homework.exe
e:\opengl homework\windows\ogldev\debug\homework.pdb
e:\opengl homework\debug\homework.pdb
e:\opengl homework\debug\homework\homework.tlog\cl.command.1.tlog
e:\opengl homework\debug\homework\homework.tlog\cl.read.1.tlog
e:\opengl homework\debug\homework\homework.tlog\cl.write.1.tlog
e:\opengl homework\debug\homework\homework.tlog\link.command.1.tlog
e:\opengl homework\debug\homework\homework.tlog\link.read.1.tlog
e:\opengl homework\debug\homework\homework.tlog\link.write.1.tlog
